<?xml version="1.0" encoding="UTF-8"?>
<!-- Generated by org.testng.reporters.JUnitReportReporter -->
<testsuite hostname="Mevin" failures="0" tests="1" name="testPackage.AddtoCartTest" time="5.837" errors="0" timestamp="2024-12-17T20:20:16 IST" skipped="0">
  <testcase classname="testPackage.AddtoCartTest" name="test5" time="5.837"/>
</testsuite> <!-- testPackage.AddtoCartTest -->
