<?xml version="1.0" encoding="UTF-8"?>
<!-- Generated by org.testng.reporters.JUnitReportReporter -->
<testsuite hostname="Mevin" failures="0" tests="1" name="testPackage.TitleVerificationTest" time="0.021" errors="0" timestamp="2024-12-17T20:20:16 IST" skipped="0">
  <testcase classname="testPackage.TitleVerificationTest" name="test1" time="0.021"/>
</testsuite> <!-- testPackage.TitleVerificationTest -->
