<?xml version="1.0" encoding="UTF-8"?>
<!-- Generated by org.testng.reporters.JUnitReportReporter -->
<testsuite hostname="Mevin" failures="0" tests="1" name="testPackage.BrokenLinkCountTest" time="24.823" errors="0" timestamp="2024-12-17T20:20:16 IST" skipped="0">
  <testcase classname="testPackage.BrokenLinkCountTest" name="test2" time="24.823"/>
</testsuite> <!-- testPackage.BrokenLinkCountTest -->
