<?xml version="1.0" encoding="UTF-8"?>
<!-- Generated by org.testng.reporters.JUnitReportReporter -->
<testsuite hostname="Mevin" failures="0" tests="1" name="testPackage.WishListTest" time="4.874" errors="0" timestamp="2024-12-17T20:20:16 IST" skipped="0">
  <testcase classname="testPackage.WishListTest" name="test6" time="4.874"/>
</testsuite> <!-- testPackage.WishListTest -->
