<?xml version="1.0" encoding="UTF-8"?>
<!-- Generated by org.testng.reporters.JUnitReportReporter -->
<testsuite hostname="Mevin" failures="0" tests="1" name="testPackage2.FaqTest" time="0.123" errors="0" timestamp="2024-12-17T20:20:16 IST" skipped="0">
  <testcase classname="testPackage2.FaqTest" name="test15" time="0.123"/>
</testsuite> <!-- testPackage2.FaqTest -->
