<?xml version="1.0" encoding="UTF-8"?>
<!-- Generated by org.testng.reporters.JUnitReportReporter -->
<testsuite hostname="Mevin" failures="0" tests="1" name="testPackage2.WhatsappTest" time="2.604" errors="0" timestamp="2024-12-17T20:20:16 IST" skipped="0">
  <testcase classname="testPackage2.WhatsappTest" name="test14" time="2.604"/>
</testsuite> <!-- testPackage2.WhatsappTest -->
