<?xml version="1.0" encoding="UTF-8"?>
<!-- Generated by org.testng.reporters.JUnitReportReporter -->
<testsuite hostname="Mevin" failures="0" tests="1" name="testPackage2.TrackTest" time="8.572" errors="0" timestamp="2024-12-17T20:20:16 IST" skipped="0">
  <testcase classname="testPackage2.TrackTest" name="test13" time="8.572"/>
</testsuite> <!-- testPackage2.TrackTest -->
